Command: vcs -full64 -l bus_comp.log -sverilog +v2k +vcs+lic+wait +vcs+flush+all \
-debug_access+all -kdb -debug_report -top bus_tb -o bus_simv -ntb_opts uvm-ieee-2020-2.0 \
+define+UVM_OBJECT_MUST_HAVE_CONSTRUCTOR -file /home/user17/qylim/repo/own/work/w3.1/uvm_labs/lab17/design/bus.f \
-timescale=1ns/1ps -cm line+tgl+cond+fsm+branch+assert -assert enable_diag
                         Chronologic VCS (TM)
       Version W-2024.09-SP2_Full64 -- Fri Aug  8 15:06:34 2025

                    Copyright (c) 1991 - 2025 Synopsys, Inc.
   This software and the associated documentation are proprietary to Synopsys,
 Inc. This software may only be used in accordance with the terms and conditions
 of a written license agreement with Synopsys, Inc. All other use, reproduction,
   or distribution of this software is strictly prohibited.  Licensed Products
     communicate with Synopsys servers for the purpose of providing software
    updates, detecting software piracy and verifying that customers are using
    Licensed Products in conformity with the applicable License Key for such
  Licensed Products. Synopsys will use information gathered in connection with
    this process to deliver software updates and pursue software pirates and
                                   infringers.

 Inclusivity & Diversity - Visit SolvNetPlus to read the "Synopsys Statement on
            Inclusivity and Diversity" (Refer to article 000036315 at
                        https://solvnetplus.synopsys.com)

Parsing design file '/home/synopsys/vcs/W-2024.09-SP2/etc/uvm-ieee-2020-2.0/uvm_pkg.sv'
Parsing included file '/home/synopsys/vcs/W-2024.09-SP2/etc/uvm-ieee-2020-2.0/uvm_macros.svh'.
Parsing included file '/home/synopsys/vcs/W-2024.09-SP2/etc/uvm-ieee-2020-2.0/macros/uvm_version_defines.svh'.
Back to file '/home/synopsys/vcs/W-2024.09-SP2/etc/uvm-ieee-2020-2.0/uvm_macros.svh'.
Parsing included file '/home/synopsys/vcs/W-2024.09-SP2/etc/uvm-ieee-2020-2.0/macros/uvm_global_defines.svh'.
Back to file '/home/synopsys/vcs/W-2024.09-SP2/etc/uvm-ieee-2020-2.0/uvm_macros.svh'.
Parsing included file '/home/synopsys/vcs/W-2024.09-SP2/etc/uvm-ieee-2020-2.0/macros/snps_macros.svp'.
Back to file '/home/synopsys/vcs/W-2024.09-SP2/etc/uvm-ieee-2020-2.0/uvm_macros.svh'.
Parsing included file '/home/synopsys/vcs/W-2024.09-SP2/etc/uvm-ieee-2020-2.0/macros/uvm_message_defines.svh'.
Back to file '/home/synopsys/vcs/W-2024.09-SP2/etc/uvm-ieee-2020-2.0/uvm_macros.svh'.
Parsing included file '/home/synopsys/vcs/W-2024.09-SP2/etc/uvm-ieee-2020-2.0/macros/uvm_phase_defines.svh'.
Back to file '/home/synopsys/vcs/W-2024.09-SP2/etc/uvm-ieee-2020-2.0/uvm_macros.svh'.
Parsing included file '/home/synopsys/vcs/W-2024.09-SP2/etc/uvm-ieee-2020-2.0/macros/uvm_printer_defines.svh'.
Back to file '/home/synopsys/vcs/W-2024.09-SP2/etc/uvm-ieee-2020-2.0/uvm_macros.svh'.
Parsing included file '/home/synopsys/vcs/W-2024.09-SP2/etc/uvm-ieee-2020-2.0/macros/uvm_comparer_defines.svh'.
Back to file '/home/synopsys/vcs/W-2024.09-SP2/etc/uvm-ieee-2020-2.0/uvm_macros.svh'.
Parsing included file '/home/synopsys/vcs/W-2024.09-SP2/etc/uvm-ieee-2020-2.0/macros/uvm_recorder_defines.svh'.
Back to file '/home/synopsys/vcs/W-2024.09-SP2/etc/uvm-ieee-2020-2.0/uvm_macros.svh'.
Parsing included file '/home/synopsys/vcs/W-2024.09-SP2/etc/uvm-ieee-2020-2.0/macros/uvm_resource_defines.svh'.
Back to file '/home/synopsys/vcs/W-2024.09-SP2/etc/uvm-ieee-2020-2.0/uvm_macros.svh'.
Parsing included file '/home/synopsys/vcs/W-2024.09-SP2/etc/uvm-ieee-2020-2.0/macros/uvm_packer_defines.svh'.
Back to file '/home/synopsys/vcs/W-2024.09-SP2/etc/uvm-ieee-2020-2.0/uvm_macros.svh'.
Parsing included file '/home/synopsys/vcs/W-2024.09-SP2/etc/uvm-ieee-2020-2.0/macros/uvm_copier_defines.svh'.
Back to file '/home/synopsys/vcs/W-2024.09-SP2/etc/uvm-ieee-2020-2.0/uvm_macros.svh'.
Parsing included file '/home/synopsys/vcs/W-2024.09-SP2/etc/uvm-ieee-2020-2.0/macros/uvm_object_defines.svh'.
Back to file '/home/synopsys/vcs/W-2024.09-SP2/etc/uvm-ieee-2020-2.0/uvm_macros.svh'.
Parsing included file '/home/synopsys/vcs/W-2024.09-SP2/etc/uvm-ieee-2020-2.0/macros/uvm_tlm_defines.svh'.
Parsing included file '/home/synopsys/vcs/W-2024.09-SP2/etc/uvm-ieee-2020-2.0/tlm1/uvm_tlm_imps.svh'.
Back to file '/home/synopsys/vcs/W-2024.09-SP2/etc/uvm-ieee-2020-2.0/macros/uvm_tlm_defines.svh'.
Back to file '/home/synopsys/vcs/W-2024.09-SP2/etc/uvm-ieee-2020-2.0/uvm_macros.svh'.
Parsing included file '/home/synopsys/vcs/W-2024.09-SP2/etc/uvm-ieee-2020-2.0/macros/uvm_sequence_defines.svh'.
Back to file '/home/synopsys/vcs/W-2024.09-SP2/etc/uvm-ieee-2020-2.0/uvm_macros.svh'.
Parsing included file '/home/synopsys/vcs/W-2024.09-SP2/etc/uvm-ieee-2020-2.0/macros/uvm_callback_defines.svh'.
Back to file '/home/synopsys/vcs/W-2024.09-SP2/etc/uvm-ieee-2020-2.0/uvm_macros.svh'.
Parsing included file '/home/synopsys/vcs/W-2024.09-SP2/etc/uvm-ieee-2020-2.0/macros/uvm_reg_defines.svh'.
Back to file '/home/synopsys/vcs/W-2024.09-SP2/etc/uvm-ieee-2020-2.0/uvm_macros.svh'.
Back to file '/home/synopsys/vcs/W-2024.09-SP2/etc/uvm-ieee-2020-2.0/uvm_pkg.sv'.
Parsing included file '/home/synopsys/vcs/W-2024.09-SP2/etc/uvm-ieee-2020-2.0/dpi/uvm_dpi.svh'.
Parsing included file '/home/synopsys/vcs/W-2024.09-SP2/etc/uvm-ieee-2020-2.0/dpi/uvm_hdl.svh'.
Back to file '/home/synopsys/vcs/W-2024.09-SP2/etc/uvm-ieee-2020-2.0/dpi/uvm_dpi.svh'.
Parsing included file '/home/synopsys/vcs/W-2024.09-SP2/etc/uvm-ieee-2020-2.0/dpi/uvm_svcmd_dpi.svh'.
Back to file '/home/synopsys/vcs/W-2024.09-SP2/etc/uvm-ieee-2020-2.0/dpi/uvm_dpi.svh'.
Parsing included file '/home/synopsys/vcs/W-2024.09-SP2/etc/uvm-ieee-2020-2.0/dpi/uvm_regex.svh'.
Back to file '/home/synopsys/vcs/W-2024.09-SP2/etc/uvm-ieee-2020-2.0/dpi/uvm_dpi.svh'.
Back to file '/home/synopsys/vcs/W-2024.09-SP2/etc/uvm-ieee-2020-2.0/uvm_pkg.sv'.
Parsing included file '/home/synopsys/vcs/W-2024.09-SP2/etc/uvm-ieee-2020-2.0/base/uvm_base.svh'.
Parsing included file '/home/synopsys/vcs/W-2024.09-SP2/etc/uvm-ieee-2020-2.0/base/uvm_version.svh'.
Back to file '/home/synopsys/vcs/W-2024.09-SP2/etc/uvm-ieee-2020-2.0/base/uvm_base.svh'.
Parsing included file '/home/synopsys/vcs/W-2024.09-SP2/etc/uvm-ieee-2020-2.0/base/uvm_object_globals.svh'.
Back to file '/home/synopsys/vcs/W-2024.09-SP2/etc/uvm-ieee-2020-2.0/base/uvm_base.svh'.
Parsing included file '/home/synopsys/vcs/W-2024.09-SP2/etc/uvm-ieee-2020-2.0/base/uvm_misc.svh'.
Back to file '/home/synopsys/vcs/W-2024.09-SP2/etc/uvm-ieee-2020-2.0/base/uvm_base.svh'.
Parsing included file '/home/synopsys/vcs/W-2024.09-SP2/etc/uvm-ieee-2020-2.0/base/uvm_coreservice.svh'.
Back to file '/home/synopsys/vcs/W-2024.09-SP2/etc/uvm-ieee-2020-2.0/base/uvm_base.svh'.
Parsing included file '/home/synopsys/vcs/W-2024.09-SP2/etc/uvm-ieee-2020-2.0/base/uvm_globals.svh'.
Back to file '/home/synopsys/vcs/W-2024.09-SP2/etc/uvm-ieee-2020-2.0/base/uvm_base.svh'.
Parsing included file '/home/synopsys/vcs/W-2024.09-SP2/etc/uvm-ieee-2020-2.0/base/uvm_object.svh'.
Back to file '/home/synopsys/vcs/W-2024.09-SP2/etc/uvm-ieee-2020-2.0/base/uvm_base.svh'.
Parsing included file '/home/synopsys/vcs/W-2024.09-SP2/etc/uvm-ieee-2020-2.0/base/uvm_factory.svh'.
Back to file '/home/synopsys/vcs/W-2024.09-SP2/etc/uvm-ieee-2020-2.0/base/uvm_base.svh'.
Parsing included file '/home/synopsys/vcs/W-2024.09-SP2/etc/uvm-ieee-2020-2.0/base/uvm_registry.svh'.
Back to file '/home/synopsys/vcs/W-2024.09-SP2/etc/uvm-ieee-2020-2.0/base/uvm_base.svh'.
Parsing included file '/home/synopsys/vcs/W-2024.09-SP2/etc/uvm-ieee-2020-2.0/base/uvm_pool.svh'.
Back to file '/home/synopsys/vcs/W-2024.09-SP2/etc/uvm-ieee-2020-2.0/base/uvm_base.svh'.
Parsing included file '/home/synopsys/vcs/W-2024.09-SP2/etc/uvm-ieee-2020-2.0/base/uvm_queue.svh'.
Back to file '/home/synopsys/vcs/W-2024.09-SP2/etc/uvm-ieee-2020-2.0/base/uvm_base.svh'.
Parsing included file '/home/synopsys/vcs/W-2024.09-SP2/etc/uvm-ieee-2020-2.0/base/uvm_spell_chkr.svh'.
Back to file '/home/synopsys/vcs/W-2024.09-SP2/etc/uvm-ieee-2020-2.0/base/uvm_base.svh'.
Parsing included file '/home/synopsys/vcs/W-2024.09-SP2/etc/uvm-ieee-2020-2.0/base/uvm_resource_base.svh'.
Back to file '/home/synopsys/vcs/W-2024.09-SP2/etc/uvm-ieee-2020-2.0/base/uvm_base.svh'.
Parsing included file '/home/synopsys/vcs/W-2024.09-SP2/etc/uvm-ieee-2020-2.0/base/uvm_resource_pool.svh'.
Back to file '/home/synopsys/vcs/W-2024.09-SP2/etc/uvm-ieee-2020-2.0/base/uvm_base.svh'.
Parsing included file '/home/synopsys/vcs/W-2024.09-SP2/etc/uvm-ieee-2020-2.0/base/uvm_resource.svh'.
Back to file '/home/synopsys/vcs/W-2024.09-SP2/etc/uvm-ieee-2020-2.0/base/uvm_base.svh'.
Parsing included file '/home/synopsys/vcs/W-2024.09-SP2/etc/uvm-ieee-2020-2.0/base/uvm_resource_specializations.svh'.
Back to file '/home/synopsys/vcs/W-2024.09-SP2/etc/uvm-ieee-2020-2.0/base/uvm_base.svh'.
Parsing included file '/home/synopsys/vcs/W-2024.09-SP2/etc/uvm-ieee-2020-2.0/base/uvm_resource_db_implementation.svh'.
Back to file '/home/synopsys/vcs/W-2024.09-SP2/etc/uvm-ieee-2020-2.0/base/uvm_base.svh'.
Parsing included file '/home/synopsys/vcs/W-2024.09-SP2/etc/uvm-ieee-2020-2.0/base/uvm_resource_db.svh'.
Back to file '/home/synopsys/vcs/W-2024.09-SP2/etc/uvm-ieee-2020-2.0/base/uvm_base.svh'.
Parsing included file '/home/synopsys/vcs/W-2024.09-SP2/etc/uvm-ieee-2020-2.0/base/uvm_resource_db_options.svh'.
Back to file '/home/synopsys/vcs/W-2024.09-SP2/etc/uvm-ieee-2020-2.0/base/uvm_base.svh'.
Parsing included file '/home/synopsys/vcs/W-2024.09-SP2/etc/uvm-ieee-2020-2.0/base/uvm_config_db_implementation.svh'.
Back to file '/home/synopsys/vcs/W-2024.09-SP2/etc/uvm-ieee-2020-2.0/base/uvm_base.svh'.
Parsing included file '/home/synopsys/vcs/W-2024.09-SP2/etc/uvm-ieee-2020-2.0/base/uvm_config_db.svh'.
Back to file '/home/synopsys/vcs/W-2024.09-SP2/etc/uvm-ieee-2020-2.0/base/uvm_base.svh'.
Parsing included file '/home/synopsys/vcs/W-2024.09-SP2/etc/uvm-ieee-2020-2.0/base/uvm_policy.svh'.
Back to file '/home/synopsys/vcs/W-2024.09-SP2/etc/uvm-ieee-2020-2.0/base/uvm_base.svh'.
Parsing included file '/home/synopsys/vcs/W-2024.09-SP2/etc/uvm-ieee-2020-2.0/base/uvm_field_op.svh'.
Back to file '/home/synopsys/vcs/W-2024.09-SP2/etc/uvm-ieee-2020-2.0/base/uvm_base.svh'.
Parsing included file '/home/synopsys/vcs/W-2024.09-SP2/etc/uvm-ieee-2020-2.0/base/uvm_copier.svh'.
Back to file '/home/synopsys/vcs/W-2024.09-SP2/etc/uvm-ieee-2020-2.0/base/uvm_base.svh'.
Parsing included file '/home/synopsys/vcs/W-2024.09-SP2/etc/uvm-ieee-2020-2.0/base/uvm_printer.svh'.
Back to file '/home/synopsys/vcs/W-2024.09-SP2/etc/uvm-ieee-2020-2.0/base/uvm_base.svh'.
Parsing included file '/home/synopsys/vcs/W-2024.09-SP2/etc/uvm-ieee-2020-2.0/base/uvm_comparer.svh'.
Back to file '/home/synopsys/vcs/W-2024.09-SP2/etc/uvm-ieee-2020-2.0/base/uvm_base.svh'.
Parsing included file '/home/synopsys/vcs/W-2024.09-SP2/etc/uvm-ieee-2020-2.0/base/uvm_packer.svh'.
Back to file '/home/synopsys/vcs/W-2024.09-SP2/etc/uvm-ieee-2020-2.0/base/uvm_base.svh'.
Parsing included file '/home/synopsys/vcs/W-2024.09-SP2/etc/uvm-ieee-2020-2.0/base/uvm_links.svh'.
Back to file '/home/synopsys/vcs/W-2024.09-SP2/etc/uvm-ieee-2020-2.0/base/uvm_base.svh'.
Parsing included file '/home/synopsys/vcs/W-2024.09-SP2/etc/uvm-ieee-2020-2.0/base/uvm_tr_database.svh'.
Back to file '/home/synopsys/vcs/W-2024.09-SP2/etc/uvm-ieee-2020-2.0/base/uvm_base.svh'.
Parsing included file '/home/synopsys/vcs/W-2024.09-SP2/etc/uvm-ieee-2020-2.0/base/uvm_text_tr_database.svh'.
Back to file '/home/synopsys/vcs/W-2024.09-SP2/etc/uvm-ieee-2020-2.0/base/uvm_base.svh'.
Parsing included file '/home/synopsys/vcs/W-2024.09-SP2/etc/uvm-ieee-2020-2.0/base/uvm_tr_stream.svh'.
Back to file '/home/synopsys/vcs/W-2024.09-SP2/etc/uvm-ieee-2020-2.0/base/uvm_base.svh'.
Parsing included file '/home/synopsys/vcs/W-2024.09-SP2/etc/uvm-ieee-2020-2.0/base/uvm_text_tr_stream.svh'.
Back to file '/home/synopsys/vcs/W-2024.09-SP2/etc/uvm-ieee-2020-2.0/base/uvm_base.svh'.
Parsing included file '/home/synopsys/vcs/W-2024.09-SP2/etc/uvm-ieee-2020-2.0/base/uvm_recorder.svh'.
Back to file '/home/synopsys/vcs/W-2024.09-SP2/etc/uvm-ieee-2020-2.0/base/uvm_base.svh'.
Parsing included file '/home/synopsys/vcs/W-2024.09-SP2/etc/uvm-ieee-2020-2.0/base/uvm_event_callback.svh'.
Back to file '/home/synopsys/vcs/W-2024.09-SP2/etc/uvm-ieee-2020-2.0/base/uvm_base.svh'.
Parsing included file '/home/synopsys/vcs/W-2024.09-SP2/etc/uvm-ieee-2020-2.0/base/uvm_event.svh'.
Back to file '/home/synopsys/vcs/W-2024.09-SP2/etc/uvm-ieee-2020-2.0/base/uvm_base.svh'.
Parsing included file '/home/synopsys/vcs/W-2024.09-SP2/etc/uvm-ieee-2020-2.0/base/uvm_barrier.svh'.
Back to file '/home/synopsys/vcs/W-2024.09-SP2/etc/uvm-ieee-2020-2.0/base/uvm_base.svh'.
Parsing included file '/home/synopsys/vcs/W-2024.09-SP2/etc/uvm-ieee-2020-2.0/base/uvm_callback.svh'.
Parsing included file '/home/synopsys/vcs/W-2024.09-SP2/etc/uvm-ieee-2020-2.0/uvm_macros.svh'.
Back to file '/home/synopsys/vcs/W-2024.09-SP2/etc/uvm-ieee-2020-2.0/base/uvm_callback.svh'.
Back to file '/home/synopsys/vcs/W-2024.09-SP2/etc/uvm-ieee-2020-2.0/base/uvm_base.svh'.
Parsing included file '/home/synopsys/vcs/W-2024.09-SP2/etc/uvm-ieee-2020-2.0/base/uvm_report_message.svh'.
Back to file '/home/synopsys/vcs/W-2024.09-SP2/etc/uvm-ieee-2020-2.0/base/uvm_base.svh'.
Parsing included file '/home/synopsys/vcs/W-2024.09-SP2/etc/uvm-ieee-2020-2.0/base/uvm_report_catcher.svh'.
Back to file '/home/synopsys/vcs/W-2024.09-SP2/etc/uvm-ieee-2020-2.0/base/uvm_base.svh'.
Parsing included file '/home/synopsys/vcs/W-2024.09-SP2/etc/uvm-ieee-2020-2.0/base/uvm_report_server.svh'.
Back to file '/home/synopsys/vcs/W-2024.09-SP2/etc/uvm-ieee-2020-2.0/base/uvm_base.svh'.
Parsing included file '/home/synopsys/vcs/W-2024.09-SP2/etc/uvm-ieee-2020-2.0/base/uvm_report_handler.svh'.
Back to file '/home/synopsys/vcs/W-2024.09-SP2/etc/uvm-ieee-2020-2.0/base/uvm_base.svh'.
Parsing included file '/home/synopsys/vcs/W-2024.09-SP2/etc/uvm-ieee-2020-2.0/base/uvm_report_object.svh'.
Back to file '/home/synopsys/vcs/W-2024.09-SP2/etc/uvm-ieee-2020-2.0/base/uvm_base.svh'.
Parsing included file '/home/synopsys/vcs/W-2024.09-SP2/etc/uvm-ieee-2020-2.0/base/uvm_transaction.svh'.
Back to file '/home/synopsys/vcs/W-2024.09-SP2/etc/uvm-ieee-2020-2.0/base/uvm_base.svh'.
Parsing included file '/home/synopsys/vcs/W-2024.09-SP2/etc/uvm-ieee-2020-2.0/base/uvm_phase.svh'.
Back to file '/home/synopsys/vcs/W-2024.09-SP2/etc/uvm-ieee-2020-2.0/base/uvm_base.svh'.
Parsing included file '/home/synopsys/vcs/W-2024.09-SP2/etc/uvm-ieee-2020-2.0/base/uvm_domain.svh'.
Back to file '/home/synopsys/vcs/W-2024.09-SP2/etc/uvm-ieee-2020-2.0/base/uvm_base.svh'.
Parsing included file '/home/synopsys/vcs/W-2024.09-SP2/etc/uvm-ieee-2020-2.0/base/uvm_bottomup_phase.svh'.
Back to file '/home/synopsys/vcs/W-2024.09-SP2/etc/uvm-ieee-2020-2.0/base/uvm_base.svh'.
Parsing included file '/home/synopsys/vcs/W-2024.09-SP2/etc/uvm-ieee-2020-2.0/base/uvm_topdown_phase.svh'.
Back to file '/home/synopsys/vcs/W-2024.09-SP2/etc/uvm-ieee-2020-2.0/base/uvm_base.svh'.
Parsing included file '/home/synopsys/vcs/W-2024.09-SP2/etc/uvm-ieee-2020-2.0/base/uvm_task_phase.svh'.
Back to file '/home/synopsys/vcs/W-2024.09-SP2/etc/uvm-ieee-2020-2.0/base/uvm_base.svh'.
Parsing included file '/home/synopsys/vcs/W-2024.09-SP2/etc/uvm-ieee-2020-2.0/base/uvm_common_phases.svh'.
Back to file '/home/synopsys/vcs/W-2024.09-SP2/etc/uvm-ieee-2020-2.0/base/uvm_base.svh'.
Parsing included file '/home/synopsys/vcs/W-2024.09-SP2/etc/uvm-ieee-2020-2.0/base/uvm_runtime_phases.svh'.
Back to file '/home/synopsys/vcs/W-2024.09-SP2/etc/uvm-ieee-2020-2.0/base/uvm_base.svh'.
Parsing included file '/home/synopsys/vcs/W-2024.09-SP2/etc/uvm-ieee-2020-2.0/base/uvm_phase_hopper.svh'.
Back to file '/home/synopsys/vcs/W-2024.09-SP2/etc/uvm-ieee-2020-2.0/base/uvm_base.svh'.
Parsing included file '/home/synopsys/vcs/W-2024.09-SP2/etc/uvm-ieee-2020-2.0/base/uvm_run_test_callback.svh'.
Back to file '/home/synopsys/vcs/W-2024.09-SP2/etc/uvm-ieee-2020-2.0/base/uvm_base.svh'.
Parsing included file '/home/synopsys/vcs/W-2024.09-SP2/etc/uvm-ieee-2020-2.0/base/uvm_component.svh'.
Parsing included file '/home/synopsys/vcs/W-2024.09-SP2/etc/uvm-ieee-2020-2.0/base/uvm_root.svh'.
Back to file '/home/synopsys/vcs/W-2024.09-SP2/etc/uvm-ieee-2020-2.0/base/uvm_component.svh'.
Back to file '/home/synopsys/vcs/W-2024.09-SP2/etc/uvm-ieee-2020-2.0/base/uvm_base.svh'.
Parsing included file '/home/synopsys/vcs/W-2024.09-SP2/etc/uvm-ieee-2020-2.0/base/uvm_objection.svh'.
Back to file '/home/synopsys/vcs/W-2024.09-SP2/etc/uvm-ieee-2020-2.0/base/uvm_base.svh'.
Parsing included file '/home/synopsys/vcs/W-2024.09-SP2/etc/uvm-ieee-2020-2.0/base/uvm_heartbeat.svh'.
Back to file '/home/synopsys/vcs/W-2024.09-SP2/etc/uvm-ieee-2020-2.0/base/uvm_base.svh'.
Parsing included file '/home/synopsys/vcs/W-2024.09-SP2/etc/uvm-ieee-2020-2.0/base/uvm_cmdline_processor.svh'.
Back to file '/home/synopsys/vcs/W-2024.09-SP2/etc/uvm-ieee-2020-2.0/base/uvm_base.svh'.
Parsing included file '/home/synopsys/vcs/W-2024.09-SP2/etc/uvm-ieee-2020-2.0/base/uvm_cmdline_report.svh'.
Back to file '/home/synopsys/vcs/W-2024.09-SP2/etc/uvm-ieee-2020-2.0/base/uvm_base.svh'.
Parsing included file '/home/synopsys/vcs/W-2024.09-SP2/etc/uvm-ieee-2020-2.0/base/uvm_traversal.svh'.
Back to file '/home/synopsys/vcs/W-2024.09-SP2/etc/uvm-ieee-2020-2.0/base/uvm_base.svh'.
Parsing included file '/home/synopsys/vcs/W-2024.09-SP2/etc/uvm-ieee-2020-2.0/base/uvm_cache.svh'.
Back to file '/home/synopsys/vcs/W-2024.09-SP2/etc/uvm-ieee-2020-2.0/base/uvm_base.svh'.
Parsing included file '/home/synopsys/vcs/W-2024.09-SP2/etc/uvm-ieee-2020-2.0/base/uvm_lru_cache.svh'.
Back to file '/home/synopsys/vcs/W-2024.09-SP2/etc/uvm-ieee-2020-2.0/base/uvm_base.svh'.
Parsing included file '/home/synopsys/vcs/W-2024.09-SP2/etc/uvm-ieee-2020-2.0/base/uvm_regex_cache.svh'.
Back to file '/home/synopsys/vcs/W-2024.09-SP2/etc/uvm-ieee-2020-2.0/base/uvm_base.svh'.
Back to file '/home/synopsys/vcs/W-2024.09-SP2/etc/uvm-ieee-2020-2.0/uvm_pkg.sv'.
Parsing included file '/home/synopsys/vcs/W-2024.09-SP2/etc/uvm-ieee-2020-2.0/dap/uvm_dap.svh'.
Parsing included file '/home/synopsys/vcs/W-2024.09-SP2/etc/uvm-ieee-2020-2.0/dap/uvm_set_get_dap_base.svh'.
Back to file '/home/synopsys/vcs/W-2024.09-SP2/etc/uvm-ieee-2020-2.0/dap/uvm_dap.svh'.
Parsing included file '/home/synopsys/vcs/W-2024.09-SP2/etc/uvm-ieee-2020-2.0/dap/uvm_simple_lock_dap.svh'.
Back to file '/home/synopsys/vcs/W-2024.09-SP2/etc/uvm-ieee-2020-2.0/dap/uvm_dap.svh'.
Parsing included file '/home/synopsys/vcs/W-2024.09-SP2/etc/uvm-ieee-2020-2.0/dap/uvm_get_to_lock_dap.svh'.
Back to file '/home/synopsys/vcs/W-2024.09-SP2/etc/uvm-ieee-2020-2.0/dap/uvm_dap.svh'.
Parsing included file '/home/synopsys/vcs/W-2024.09-SP2/etc/uvm-ieee-2020-2.0/dap/uvm_set_before_get_dap.svh'.
Back to file '/home/synopsys/vcs/W-2024.09-SP2/etc/uvm-ieee-2020-2.0/dap/uvm_dap.svh'.
Back to file '/home/synopsys/vcs/W-2024.09-SP2/etc/uvm-ieee-2020-2.0/uvm_pkg.sv'.
Parsing included file '/home/synopsys/vcs/W-2024.09-SP2/etc/uvm-ieee-2020-2.0/tlm1/uvm_tlm.svh'.
Parsing included file '/home/synopsys/vcs/W-2024.09-SP2/etc/uvm-ieee-2020-2.0/tlm1/uvm_tlm_ifs.svh'.
Back to file '/home/synopsys/vcs/W-2024.09-SP2/etc/uvm-ieee-2020-2.0/tlm1/uvm_tlm.svh'.
Parsing included file '/home/synopsys/vcs/W-2024.09-SP2/etc/uvm-ieee-2020-2.0/tlm1/uvm_sqr_ifs.svh'.
Back to file '/home/synopsys/vcs/W-2024.09-SP2/etc/uvm-ieee-2020-2.0/tlm1/uvm_tlm.svh'.
Parsing included file '/home/synopsys/vcs/W-2024.09-SP2/etc/uvm-ieee-2020-2.0/base/uvm_port_base.svh'.
Back to file '/home/synopsys/vcs/W-2024.09-SP2/etc/uvm-ieee-2020-2.0/tlm1/uvm_tlm.svh'.
Parsing included file '/home/synopsys/vcs/W-2024.09-SP2/etc/uvm-ieee-2020-2.0/tlm1/uvm_tlm_imps.svh'.
Back to file '/home/synopsys/vcs/W-2024.09-SP2/etc/uvm-ieee-2020-2.0/tlm1/uvm_tlm.svh'.
Parsing included file '/home/synopsys/vcs/W-2024.09-SP2/etc/uvm-ieee-2020-2.0/tlm1/uvm_imps.svh'.
Back to file '/home/synopsys/vcs/W-2024.09-SP2/etc/uvm-ieee-2020-2.0/tlm1/uvm_tlm.svh'.
Parsing included file '/home/synopsys/vcs/W-2024.09-SP2/etc/uvm-ieee-2020-2.0/tlm1/uvm_ports.svh'.
Back to file '/home/synopsys/vcs/W-2024.09-SP2/etc/uvm-ieee-2020-2.0/tlm1/uvm_tlm.svh'.
Parsing included file '/home/synopsys/vcs/W-2024.09-SP2/etc/uvm-ieee-2020-2.0/tlm1/uvm_exports.svh'.
Back to file '/home/synopsys/vcs/W-2024.09-SP2/etc/uvm-ieee-2020-2.0/tlm1/uvm_tlm.svh'.
Parsing included file '/home/synopsys/vcs/W-2024.09-SP2/etc/uvm-ieee-2020-2.0/tlm1/uvm_analysis_port.svh'.
Back to file '/home/synopsys/vcs/W-2024.09-SP2/etc/uvm-ieee-2020-2.0/tlm1/uvm_tlm.svh'.
Parsing included file '/home/synopsys/vcs/W-2024.09-SP2/etc/uvm-ieee-2020-2.0/tlm1/uvm_tlm_fifo_base.svh'.
Back to file '/home/synopsys/vcs/W-2024.09-SP2/etc/uvm-ieee-2020-2.0/tlm1/uvm_tlm.svh'.
Parsing included file '/home/synopsys/vcs/W-2024.09-SP2/etc/uvm-ieee-2020-2.0/tlm1/uvm_tlm_fifos.svh'.
Back to file '/home/synopsys/vcs/W-2024.09-SP2/etc/uvm-ieee-2020-2.0/tlm1/uvm_tlm.svh'.
Parsing included file '/home/synopsys/vcs/W-2024.09-SP2/etc/uvm-ieee-2020-2.0/tlm1/uvm_tlm_req_rsp.svh'.
Back to file '/home/synopsys/vcs/W-2024.09-SP2/etc/uvm-ieee-2020-2.0/tlm1/uvm_tlm.svh'.
Parsing included file '/home/synopsys/vcs/W-2024.09-SP2/etc/uvm-ieee-2020-2.0/tlm1/uvm_sqr_connections.svh'.
Back to file '/home/synopsys/vcs/W-2024.09-SP2/etc/uvm-ieee-2020-2.0/tlm1/uvm_tlm.svh'.
Back to file '/home/synopsys/vcs/W-2024.09-SP2/etc/uvm-ieee-2020-2.0/uvm_pkg.sv'.
Parsing included file '/home/synopsys/vcs/W-2024.09-SP2/etc/uvm-ieee-2020-2.0/comps/uvm_comps.svh'.
Parsing included file '/home/synopsys/vcs/W-2024.09-SP2/etc/uvm-ieee-2020-2.0/comps/uvm_pair.svh'.
Back to file '/home/synopsys/vcs/W-2024.09-SP2/etc/uvm-ieee-2020-2.0/comps/uvm_comps.svh'.
Parsing included file '/home/synopsys/vcs/W-2024.09-SP2/etc/uvm-ieee-2020-2.0/comps/uvm_policies.svh'.
Back to file '/home/synopsys/vcs/W-2024.09-SP2/etc/uvm-ieee-2020-2.0/comps/uvm_comps.svh'.
Parsing included file '/home/synopsys/vcs/W-2024.09-SP2/etc/uvm-ieee-2020-2.0/comps/uvm_in_order_comparator.svh'.
Back to file '/home/synopsys/vcs/W-2024.09-SP2/etc/uvm-ieee-2020-2.0/comps/uvm_comps.svh'.
Parsing included file '/home/synopsys/vcs/W-2024.09-SP2/etc/uvm-ieee-2020-2.0/comps/uvm_algorithmic_comparator.svh'.
Back to file '/home/synopsys/vcs/W-2024.09-SP2/etc/uvm-ieee-2020-2.0/comps/uvm_comps.svh'.
Parsing included file '/home/synopsys/vcs/W-2024.09-SP2/etc/uvm-ieee-2020-2.0/comps/uvm_subscriber.svh'.
Back to file '/home/synopsys/vcs/W-2024.09-SP2/etc/uvm-ieee-2020-2.0/comps/uvm_comps.svh'.
Parsing included file '/home/synopsys/vcs/W-2024.09-SP2/etc/uvm-ieee-2020-2.0/comps/uvm_random_stimulus.svh'.
Back to file '/home/synopsys/vcs/W-2024.09-SP2/etc/uvm-ieee-2020-2.0/comps/uvm_comps.svh'.
Parsing included file '/home/synopsys/vcs/W-2024.09-SP2/etc/uvm-ieee-2020-2.0/comps/uvm_monitor.svh'.
Back to file '/home/synopsys/vcs/W-2024.09-SP2/etc/uvm-ieee-2020-2.0/comps/uvm_comps.svh'.
Parsing included file '/home/synopsys/vcs/W-2024.09-SP2/etc/uvm-ieee-2020-2.0/comps/uvm_driver.svh'.
Back to file '/home/synopsys/vcs/W-2024.09-SP2/etc/uvm-ieee-2020-2.0/comps/uvm_comps.svh'.
Parsing included file '/home/synopsys/vcs/W-2024.09-SP2/etc/uvm-ieee-2020-2.0/comps/uvm_push_driver.svh'.
Back to file '/home/synopsys/vcs/W-2024.09-SP2/etc/uvm-ieee-2020-2.0/comps/uvm_comps.svh'.
Parsing included file '/home/synopsys/vcs/W-2024.09-SP2/etc/uvm-ieee-2020-2.0/comps/uvm_scoreboard.svh'.
Back to file '/home/synopsys/vcs/W-2024.09-SP2/etc/uvm-ieee-2020-2.0/comps/uvm_comps.svh'.
Parsing included file '/home/synopsys/vcs/W-2024.09-SP2/etc/uvm-ieee-2020-2.0/comps/uvm_agent.svh'.
Back to file '/home/synopsys/vcs/W-2024.09-SP2/etc/uvm-ieee-2020-2.0/comps/uvm_comps.svh'.
Parsing included file '/home/synopsys/vcs/W-2024.09-SP2/etc/uvm-ieee-2020-2.0/comps/uvm_env.svh'.
Back to file '/home/synopsys/vcs/W-2024.09-SP2/etc/uvm-ieee-2020-2.0/comps/uvm_comps.svh'.
Parsing included file '/home/synopsys/vcs/W-2024.09-SP2/etc/uvm-ieee-2020-2.0/comps/uvm_test.svh'.
Back to file '/home/synopsys/vcs/W-2024.09-SP2/etc/uvm-ieee-2020-2.0/comps/uvm_comps.svh'.
Back to file '/home/synopsys/vcs/W-2024.09-SP2/etc/uvm-ieee-2020-2.0/uvm_pkg.sv'.
Parsing included file '/home/synopsys/vcs/W-2024.09-SP2/etc/uvm-ieee-2020-2.0/seq/uvm_seq.svh'.
Parsing included file '/home/synopsys/vcs/W-2024.09-SP2/etc/uvm-ieee-2020-2.0/seq/uvm_sequence_item.svh'.
Back to file '/home/synopsys/vcs/W-2024.09-SP2/etc/uvm-ieee-2020-2.0/seq/uvm_seq.svh'.
Parsing included file '/home/synopsys/vcs/W-2024.09-SP2/etc/uvm-ieee-2020-2.0/seq/uvm_sequencer_base.svh'.
Back to file '/home/synopsys/vcs/W-2024.09-SP2/etc/uvm-ieee-2020-2.0/seq/uvm_seq.svh'.
Parsing included file '/home/synopsys/vcs/W-2024.09-SP2/etc/uvm-ieee-2020-2.0/seq/uvm_sequencer_analysis_fifo.svh'.
Back to file '/home/synopsys/vcs/W-2024.09-SP2/etc/uvm-ieee-2020-2.0/seq/uvm_seq.svh'.
Parsing included file '/home/synopsys/vcs/W-2024.09-SP2/etc/uvm-ieee-2020-2.0/seq/uvm_sequencer_param_base.svh'.
Back to file '/home/synopsys/vcs/W-2024.09-SP2/etc/uvm-ieee-2020-2.0/seq/uvm_seq.svh'.
Parsing included file '/home/synopsys/vcs/W-2024.09-SP2/etc/uvm-ieee-2020-2.0/seq/uvm_sequencer.svh'.
Back to file '/home/synopsys/vcs/W-2024.09-SP2/etc/uvm-ieee-2020-2.0/seq/uvm_seq.svh'.
Parsing included file '/home/synopsys/vcs/W-2024.09-SP2/etc/uvm-ieee-2020-2.0/seq/uvm_push_sequencer.svh'.
Back to file '/home/synopsys/vcs/W-2024.09-SP2/etc/uvm-ieee-2020-2.0/seq/uvm_seq.svh'.
Parsing included file '/home/synopsys/vcs/W-2024.09-SP2/etc/uvm-ieee-2020-2.0/seq/uvm_sequence_base.svh'.
Back to file '/home/synopsys/vcs/W-2024.09-SP2/etc/uvm-ieee-2020-2.0/seq/uvm_seq.svh'.
Parsing included file '/home/synopsys/vcs/W-2024.09-SP2/etc/uvm-ieee-2020-2.0/seq/uvm_sequence.svh'.
Back to file '/home/synopsys/vcs/W-2024.09-SP2/etc/uvm-ieee-2020-2.0/seq/uvm_seq.svh'.
Parsing included file '/home/synopsys/vcs/W-2024.09-SP2/etc/uvm-ieee-2020-2.0/seq/uvm_sequence_library.svh'.
Back to file '/home/synopsys/vcs/W-2024.09-SP2/etc/uvm-ieee-2020-2.0/seq/uvm_seq.svh'.
Back to file '/home/synopsys/vcs/W-2024.09-SP2/etc/uvm-ieee-2020-2.0/uvm_pkg.sv'.
Parsing included file '/home/synopsys/vcs/W-2024.09-SP2/etc/uvm-ieee-2020-2.0/tlm2/uvm_tlm2.svh'.
Parsing included file '/home/synopsys/vcs/W-2024.09-SP2/etc/uvm-ieee-2020-2.0/tlm2/uvm_tlm2_defines.svh'.
Back to file '/home/synopsys/vcs/W-2024.09-SP2/etc/uvm-ieee-2020-2.0/tlm2/uvm_tlm2.svh'.
Parsing included file '/home/synopsys/vcs/W-2024.09-SP2/etc/uvm-ieee-2020-2.0/tlm2/uvm_tlm_time.svh'.
Back to file '/home/synopsys/vcs/W-2024.09-SP2/etc/uvm-ieee-2020-2.0/tlm2/uvm_tlm2.svh'.
Parsing included file '/home/synopsys/vcs/W-2024.09-SP2/etc/uvm-ieee-2020-2.0/tlm2/uvm_tlm2_generic_payload.svh'.
Back to file '/home/synopsys/vcs/W-2024.09-SP2/etc/uvm-ieee-2020-2.0/tlm2/uvm_tlm2.svh'.
Parsing included file '/home/synopsys/vcs/W-2024.09-SP2/etc/uvm-ieee-2020-2.0/tlm2/uvm_tlm2_ifs.svh'.
Back to file '/home/synopsys/vcs/W-2024.09-SP2/etc/uvm-ieee-2020-2.0/tlm2/uvm_tlm2.svh'.
Parsing included file '/home/synopsys/vcs/W-2024.09-SP2/etc/uvm-ieee-2020-2.0/tlm2/uvm_tlm2_imps.svh'.
Back to file '/home/synopsys/vcs/W-2024.09-SP2/etc/uvm-ieee-2020-2.0/tlm2/uvm_tlm2.svh'.
Parsing included file '/home/synopsys/vcs/W-2024.09-SP2/etc/uvm-ieee-2020-2.0/tlm2/uvm_tlm2_ports.svh'.
Back to file '/home/synopsys/vcs/W-2024.09-SP2/etc/uvm-ieee-2020-2.0/tlm2/uvm_tlm2.svh'.
Parsing included file '/home/synopsys/vcs/W-2024.09-SP2/etc/uvm-ieee-2020-2.0/tlm2/uvm_tlm2_exports.svh'.
Back to file '/home/synopsys/vcs/W-2024.09-SP2/etc/uvm-ieee-2020-2.0/tlm2/uvm_tlm2.svh'.
Parsing included file '/home/synopsys/vcs/W-2024.09-SP2/etc/uvm-ieee-2020-2.0/tlm2/uvm_tlm2_sockets_base.svh'.
Back to file '/home/synopsys/vcs/W-2024.09-SP2/etc/uvm-ieee-2020-2.0/tlm2/uvm_tlm2.svh'.
Parsing included file '/home/synopsys/vcs/W-2024.09-SP2/etc/uvm-ieee-2020-2.0/tlm2/uvm_tlm2_sockets.svh'.
Back to file '/home/synopsys/vcs/W-2024.09-SP2/etc/uvm-ieee-2020-2.0/tlm2/uvm_tlm2.svh'.
Back to file '/home/synopsys/vcs/W-2024.09-SP2/etc/uvm-ieee-2020-2.0/uvm_pkg.sv'.
Parsing included file '/home/synopsys/vcs/W-2024.09-SP2/etc/uvm-ieee-2020-2.0/reg/uvm_reg_model.svh'.
Parsing included file '/home/synopsys/vcs/W-2024.09-SP2/etc/uvm-ieee-2020-2.0/reg/uvm_reg_item.svh'.
Back to file '/home/synopsys/vcs/W-2024.09-SP2/etc/uvm-ieee-2020-2.0/reg/uvm_reg_model.svh'.
Parsing included file '/home/synopsys/vcs/W-2024.09-SP2/etc/uvm-ieee-2020-2.0/reg/uvm_reg_adapter.svh'.
Back to file '/home/synopsys/vcs/W-2024.09-SP2/etc/uvm-ieee-2020-2.0/reg/uvm_reg_model.svh'.
Parsing included file '/home/synopsys/vcs/W-2024.09-SP2/etc/uvm-ieee-2020-2.0/reg/uvm_reg_predictor.svh'.
Back to file '/home/synopsys/vcs/W-2024.09-SP2/etc/uvm-ieee-2020-2.0/reg/uvm_reg_model.svh'.
Parsing included file '/home/synopsys/vcs/W-2024.09-SP2/etc/uvm-ieee-2020-2.0/reg/uvm_reg_sequence.svh'.
Back to file '/home/synopsys/vcs/W-2024.09-SP2/etc/uvm-ieee-2020-2.0/reg/uvm_reg_model.svh'.
Parsing included file '/home/synopsys/vcs/W-2024.09-SP2/etc/uvm-ieee-2020-2.0/reg/uvm_reg_cbs.svh'.
Back to file '/home/synopsys/vcs/W-2024.09-SP2/etc/uvm-ieee-2020-2.0/reg/uvm_reg_model.svh'.
Parsing included file '/home/synopsys/vcs/W-2024.09-SP2/etc/uvm-ieee-2020-2.0/reg/uvm_reg_backdoor.svh'.
Back to file '/home/synopsys/vcs/W-2024.09-SP2/etc/uvm-ieee-2020-2.0/reg/uvm_reg_model.svh'.
Parsing included file '/home/synopsys/vcs/W-2024.09-SP2/etc/uvm-ieee-2020-2.0/reg/uvm_reg_field.svh'.
Back to file '/home/synopsys/vcs/W-2024.09-SP2/etc/uvm-ieee-2020-2.0/reg/uvm_reg_model.svh'.
Parsing included file '/home/synopsys/vcs/W-2024.09-SP2/etc/uvm-ieee-2020-2.0/reg/uvm_vreg_field.svh'.
Back to file '/home/synopsys/vcs/W-2024.09-SP2/etc/uvm-ieee-2020-2.0/reg/uvm_reg_model.svh'.
Parsing included file '/home/synopsys/vcs/W-2024.09-SP2/etc/uvm-ieee-2020-2.0/reg/uvm_reg.svh'.
Back to file '/home/synopsys/vcs/W-2024.09-SP2/etc/uvm-ieee-2020-2.0/reg/uvm_reg_model.svh'.
Parsing included file '/home/synopsys/vcs/W-2024.09-SP2/etc/uvm-ieee-2020-2.0/reg/uvm_reg_indirect.svh'.
Back to file '/home/synopsys/vcs/W-2024.09-SP2/etc/uvm-ieee-2020-2.0/reg/uvm_reg_model.svh'.
Parsing included file '/home/synopsys/vcs/W-2024.09-SP2/etc/uvm-ieee-2020-2.0/reg/uvm_reg_fifo.svh'.
Back to file '/home/synopsys/vcs/W-2024.09-SP2/etc/uvm-ieee-2020-2.0/reg/uvm_reg_model.svh'.
Parsing included file '/home/synopsys/vcs/W-2024.09-SP2/etc/uvm-ieee-2020-2.0/reg/uvm_reg_file.svh'.
Back to file '/home/synopsys/vcs/W-2024.09-SP2/etc/uvm-ieee-2020-2.0/reg/uvm_reg_model.svh'.
Parsing included file '/home/synopsys/vcs/W-2024.09-SP2/etc/uvm-ieee-2020-2.0/reg/uvm_mem_mam.svh'.
Back to file '/home/synopsys/vcs/W-2024.09-SP2/etc/uvm-ieee-2020-2.0/reg/uvm_reg_model.svh'.
Parsing included file '/home/synopsys/vcs/W-2024.09-SP2/etc/uvm-ieee-2020-2.0/reg/uvm_vreg.svh'.
Back to file '/home/synopsys/vcs/W-2024.09-SP2/etc/uvm-ieee-2020-2.0/reg/uvm_reg_model.svh'.
Parsing included file '/home/synopsys/vcs/W-2024.09-SP2/etc/uvm-ieee-2020-2.0/reg/uvm_mem.svh'.
Back to file '/home/synopsys/vcs/W-2024.09-SP2/etc/uvm-ieee-2020-2.0/reg/uvm_reg_model.svh'.
Parsing included file '/home/synopsys/vcs/W-2024.09-SP2/etc/uvm-ieee-2020-2.0/reg/uvm_reg_map.svh'.
Back to file '/home/synopsys/vcs/W-2024.09-SP2/etc/uvm-ieee-2020-2.0/reg/uvm_reg_model.svh'.
Parsing included file '/home/synopsys/vcs/W-2024.09-SP2/etc/uvm-ieee-2020-2.0/reg/uvm_reg_block.svh'.
Back to file '/home/synopsys/vcs/W-2024.09-SP2/etc/uvm-ieee-2020-2.0/reg/uvm_reg_model.svh'.
Parsing included file '/home/synopsys/vcs/W-2024.09-SP2/etc/uvm-ieee-2020-2.0/reg/sequences/uvm_reg_randval.svh'.
Back to file '/home/synopsys/vcs/W-2024.09-SP2/etc/uvm-ieee-2020-2.0/reg/uvm_reg_model.svh'.
Parsing included file '/home/synopsys/vcs/W-2024.09-SP2/etc/uvm-ieee-2020-2.0/reg/sequences/uvm_reg_hw_reset_seq.svh'.
Back to file '/home/synopsys/vcs/W-2024.09-SP2/etc/uvm-ieee-2020-2.0/reg/uvm_reg_model.svh'.
Parsing included file '/home/synopsys/vcs/W-2024.09-SP2/etc/uvm-ieee-2020-2.0/reg/sequences/uvm_reg_bit_bash_seq.svh'.
Back to file '/home/synopsys/vcs/W-2024.09-SP2/etc/uvm-ieee-2020-2.0/reg/uvm_reg_model.svh'.
Parsing included file '/home/synopsys/vcs/W-2024.09-SP2/etc/uvm-ieee-2020-2.0/reg/sequences/uvm_mem_walk_seq.svh'.
Back to file '/home/synopsys/vcs/W-2024.09-SP2/etc/uvm-ieee-2020-2.0/reg/uvm_reg_model.svh'.
Parsing included file '/home/synopsys/vcs/W-2024.09-SP2/etc/uvm-ieee-2020-2.0/reg/sequences/uvm_mem_access_seq.svh'.
Back to file '/home/synopsys/vcs/W-2024.09-SP2/etc/uvm-ieee-2020-2.0/reg/uvm_reg_model.svh'.
Parsing included file '/home/synopsys/vcs/W-2024.09-SP2/etc/uvm-ieee-2020-2.0/reg/sequences/uvm_reg_access_seq.svh'.
Back to file '/home/synopsys/vcs/W-2024.09-SP2/etc/uvm-ieee-2020-2.0/reg/uvm_reg_model.svh'.
Parsing included file '/home/synopsys/vcs/W-2024.09-SP2/etc/uvm-ieee-2020-2.0/reg/sequences/uvm_reg_mem_shared_access_seq.svh'.
Back to file '/home/synopsys/vcs/W-2024.09-SP2/etc/uvm-ieee-2020-2.0/reg/uvm_reg_model.svh'.
Parsing included file '/home/synopsys/vcs/W-2024.09-SP2/etc/uvm-ieee-2020-2.0/reg/sequences/uvm_reg_mem_built_in_seq.svh'.
Back to file '/home/synopsys/vcs/W-2024.09-SP2/etc/uvm-ieee-2020-2.0/reg/uvm_reg_model.svh'.
Parsing included file '/home/synopsys/vcs/W-2024.09-SP2/etc/uvm-ieee-2020-2.0/reg/sequences/uvm_reg_mem_hdl_paths_seq.svh'.
Back to file '/home/synopsys/vcs/W-2024.09-SP2/etc/uvm-ieee-2020-2.0/reg/uvm_reg_model.svh'.
Parsing included file '/home/synopsys/vcs/W-2024.09-SP2/etc/uvm-ieee-2020-2.0/reg/snps_uvm_reg_bank.svh'.
Back to file '/home/synopsys/vcs/W-2024.09-SP2/etc/uvm-ieee-2020-2.0/reg/uvm_reg_model.svh'.
Back to file '/home/synopsys/vcs/W-2024.09-SP2/etc/uvm-ieee-2020-2.0/uvm_pkg.sv'.
Parsing design file '/home/synopsys/vcs/W-2024.09-SP2/etc/uvm-ieee-2020-2.0/vcs/uvm_custom_install_vcs_recorder.sv'
Parsing included file '/home/synopsys/vcs/W-2024.09-SP2/etc/uvm-ieee-2020-2.0/vcs/msglog.svh'.
Back to file '/home/synopsys/vcs/W-2024.09-SP2/etc/uvm-ieee-2020-2.0/vcs/uvm_custom_install_vcs_recorder.sv'.
Parsing included file '/home/synopsys/vcs/W-2024.09-SP2/etc/uvm-ieee-2020-2.0/vcs/uvm_msglog_report_server.sv'.
Back to file '/home/synopsys/vcs/W-2024.09-SP2/etc/uvm-ieee-2020-2.0/vcs/uvm_custom_install_vcs_recorder.sv'.
Parsing included file '/home/synopsys/vcs/W-2024.09-SP2/etc/uvm-ieee-2020-2.0/vcs/uvm_vcs_recorder.svh'.
Parsing included file '/home/synopsys/vcs/W-2024.09-SP2/etc/uvm-ieee-2020-2.0/vcs/uvm_vcs_tr_database.svh'.
Parsing included file '/home/synopsys/vcs/W-2024.09-SP2/etc/uvm-ieee-2020-2.0/vcs/uvm_vcs_tr_stream.svh'.
Back to file '/home/synopsys/vcs/W-2024.09-SP2/etc/uvm-ieee-2020-2.0/vcs/uvm_vcs_tr_database.svh'.
Back to file '/home/synopsys/vcs/W-2024.09-SP2/etc/uvm-ieee-2020-2.0/vcs/uvm_vcs_recorder.svh'.
Back to file '/home/synopsys/vcs/W-2024.09-SP2/etc/uvm-ieee-2020-2.0/vcs/uvm_custom_install_vcs_recorder.sv'.
Parsing included file '/home/synopsys/vcs/W-2024.09-SP2/etc/uvm-ieee-2020-2.0/vcs/uvm_vcs_record_interface.sv'.
Back to file '/home/synopsys/vcs/W-2024.09-SP2/etc/uvm-ieee-2020-2.0/vcs/uvm_custom_install_vcs_recorder.sv'.
Parsing design file '/home/synopsys/vcs/W-2024.09-SP2/etc/uvm-ieee-2020-2.0/verdi/uvm_custom_install_verdi_recorder.sv'
Parsing included file '/home/synopsys/vcs/W-2024.09-SP2/etc/uvm-ieee-2020-2.0/uvm_macros.svh'.
Back to file '/home/synopsys/vcs/W-2024.09-SP2/etc/uvm-ieee-2020-2.0/verdi/uvm_custom_install_verdi_recorder.sv'.
Parsing included file '/home/synopsys/vcs/W-2024.09-SP2/etc/uvm-ieee-2020-2.0/verdi/uvm_verdi_recorder.svh'.
Parsing included file '/home/synopsys/vcs/W-2024.09-SP2/etc/uvm-ieee-2020-2.0/verdi/uvm_verdi_pli_base.svh'.
Back to file '/home/synopsys/vcs/W-2024.09-SP2/etc/uvm-ieee-2020-2.0/verdi/uvm_verdi_recorder.svh'.
Parsing included file '/home/synopsys/vcs/W-2024.09-SP2/etc/uvm-ieee-2020-2.0/verdi/uvm_verdi_tr_database.svh'.
Parsing included file '/home/synopsys/vcs/W-2024.09-SP2/etc/uvm-ieee-2020-2.0/verdi/uvm_verdi_tr_stream.svh'.
Back to file '/home/synopsys/vcs/W-2024.09-SP2/etc/uvm-ieee-2020-2.0/verdi/uvm_verdi_tr_database.svh'.
Back to file '/home/synopsys/vcs/W-2024.09-SP2/etc/uvm-ieee-2020-2.0/verdi/uvm_verdi_recorder.svh'.
Back to file '/home/synopsys/vcs/W-2024.09-SP2/etc/uvm-ieee-2020-2.0/verdi/uvm_custom_install_verdi_recorder.sv'.
Parsing included file '/home/synopsys/vcs/W-2024.09-SP2/etc/uvm-ieee-2020-2.0/verdi/uvm_verdi_reg_map_recording.sv'.
Back to file '/home/synopsys/vcs/W-2024.09-SP2/etc/uvm-ieee-2020-2.0/verdi/uvm_custom_install_verdi_recorder.sv'.
Parsing included file '/home/synopsys/vcs/W-2024.09-SP2/etc/uvm-ieee-2020-2.0/verdi/uvm_verdi_message_catcher.svh'.
Parsing included file '/home/synopsys/vcs/W-2024.09-SP2/etc/uvm-ieee-2020-2.0/verdi/uvm_verdi_pli_base.svh'.
Back to file '/home/synopsys/vcs/W-2024.09-SP2/etc/uvm-ieee-2020-2.0/verdi/uvm_verdi_message_catcher.svh'.
Back to file '/home/synopsys/vcs/W-2024.09-SP2/etc/uvm-ieee-2020-2.0/verdi/uvm_custom_install_verdi_recorder.sv'.
Parsing included file '/home/synopsys/vcs/W-2024.09-SP2/etc/uvm-ieee-2020-2.0/verdi/uvm_verdi_factory.svh'.
Back to file '/home/synopsys/vcs/W-2024.09-SP2/etc/uvm-ieee-2020-2.0/verdi/uvm_custom_install_verdi_recorder.sv'.
Parsing included file '/home/synopsys/vcs/W-2024.09-SP2/etc/uvm-ieee-2020-2.0/verdi/./dpi/uvm_verdi_dpi.svh'.
Back to file '/home/synopsys/vcs/W-2024.09-SP2/etc/uvm-ieee-2020-2.0/verdi/uvm_custom_install_verdi_recorder.sv'.
Parsing included file '/home/synopsys/vcs/W-2024.09-SP2/etc/uvm-ieee-2020-2.0/verdi/uvm_verdi_reg_recording.sv'.
Back to file '/home/synopsys/vcs/W-2024.09-SP2/etc/uvm-ieee-2020-2.0/verdi/uvm_custom_install_verdi_recorder.sv'.
Parsing included file '/home/synopsys/vcs/W-2024.09-SP2/etc/uvm-ieee-2020-2.0/verdi/verdi_trans_recorder_dpi.svh'.
Back to file '/home/synopsys/vcs/W-2024.09-SP2/etc/uvm-ieee-2020-2.0/verdi/uvm_custom_install_verdi_recorder.sv'.
Parsing included file '/home/synopsys/vcs/W-2024.09-SP2/etc/uvm-ieee-2020-2.0/verdi/uvm_verdi_pli.svh'.
Back to file '/home/synopsys/vcs/W-2024.09-SP2/etc/uvm-ieee-2020-2.0/verdi/uvm_custom_install_verdi_recorder.sv'.
Parsing design file '/home/synopsys/vcs/W-2024.09-SP2/etc/uvm-ieee-2020-2.0/verdi/uvm_custom_install_verdi_recorder.sv'
Parsing design file '/home/user17/qylim/repo/own/work/w3.1/uvm_labs/lab17/design/bus_tb.sv'
Parsing included file '/home/user17/qylim/repo/own/work/w3.1/uvm_labs/lab17/design/bus_ctrl_if.sv'.
Back to file '/home/user17/qylim/repo/own/work/w3.1/uvm_labs/lab17/design/bus_tb.sv'.
Parsing included file '/home/user17/qylim/repo/own/work/w3.1/uvm_labs/lab17/design/bus_ctrl.sv'.
Back to file '/home/user17/qylim/repo/own/work/w3.1/uvm_labs/lab17/design/bus_tb.sv'.
Parsing included file '/home/synopsys/vcs/W-2024.09-SP2/etc/uvm-ieee-2020-2.0/uvm_macros.svh'.
Back to file '/home/user17/qylim/repo/own/work/w3.1/uvm_labs/lab17/design/bus_tb.sv'.
Parsing included file '/home/user17/qylim/repo/own/work/w3.1/uvm_labs/lab17/design/bus_tran.sv'.
Back to file '/home/user17/qylim/repo/own/work/w3.1/uvm_labs/lab17/design/bus_tb.sv'.
Parsing included file '/home/user17/qylim/repo/own/work/w3.1/uvm_labs/lab17/design/bus_drv.sv'.
Back to file '/home/user17/qylim/repo/own/work/w3.1/uvm_labs/lab17/design/bus_tb.sv'.
Parsing included file '/home/user17/qylim/repo/own/work/w3.1/uvm_labs/lab17/design/bus_seq.sv'.
Back to file '/home/user17/qylim/repo/own/work/w3.1/uvm_labs/lab17/design/bus_tb.sv'.
Parsing included file '/home/user17/qylim/repo/own/work/w3.1/uvm_labs/lab17/design/bus_seq_prio.sv'.
Back to file '/home/user17/qylim/repo/own/work/w3.1/uvm_labs/lab17/design/bus_tb.sv'.
Parsing included file '/home/user17/qylim/repo/own/work/w3.1/uvm_labs/lab17/design/bus_mon.sv'.
Back to file '/home/user17/qylim/repo/own/work/w3.1/uvm_labs/lab17/design/bus_tb.sv'.
Parsing included file '/home/user17/qylim/repo/own/work/w3.1/uvm_labs/lab17/design/bus_sqr.sv'.
Back to file '/home/user17/qylim/repo/own/work/w3.1/uvm_labs/lab17/design/bus_tb.sv'.
Parsing included file '/home/user17/qylim/repo/own/work/w3.1/uvm_labs/lab17/design/bus_agt.sv'.
Back to file '/home/user17/qylim/repo/own/work/w3.1/uvm_labs/lab17/design/bus_tb.sv'.
Parsing included file '/home/user17/qylim/repo/own/work/w3.1/uvm_labs/lab17/design/bus_scb.sv'.
Back to file '/home/user17/qylim/repo/own/work/w3.1/uvm_labs/lab17/design/bus_tb.sv'.
Parsing included file '/home/user17/qylim/repo/own/work/w3.1/uvm_labs/lab17/design/bus_con.sv'.
Back to file '/home/user17/qylim/repo/own/work/w3.1/uvm_labs/lab17/design/bus_tb.sv'.
Parsing included file '/home/user17/qylim/repo/own/work/w3.1/uvm_labs/lab17/design/bus_cov.sv'.
Back to file '/home/user17/qylim/repo/own/work/w3.1/uvm_labs/lab17/design/bus_tb.sv'.
Parsing included file '/home/user17/qylim/repo/own/work/w3.1/uvm_labs/lab17/design/bus_env.sv'.
Back to file '/home/user17/qylim/repo/own/work/w3.1/uvm_labs/lab17/design/bus_tb.sv'.
Parsing included file '/home/user17/qylim/repo/own/work/w3.1/uvm_labs/lab17/design/bus_test.sv'.
Back to file '/home/user17/qylim/repo/own/work/w3.1/uvm_labs/lab17/design/bus_tb.sv'.
Top Level Modules:
       uvm_custom_install_verdi_recording
       bus_tb
TimeScale is 1 ns / 1 ps
VCS Coverage Metrics Release W-2024.09-SP2_Full64 Copyright (c) 1991-2024 by Synopsys Inc.
Starting vcs inline pass...
8 modules and 0 UDP read.
recompiling package vcs_paramclassrepository
recompiling package _vcs_DPI_package
recompiling package uvm_pkg
recompiling package _vcs_msglog
recompiling module uvm_custom_install_verdi_recording
recompiling module bus_ctrl_if
recompiling module bus_ctrl
recompiling module bus_tb
All of 8 modules done
make[1]: Entering directory '/home/user17/qylim/repo/own/work/w3.1/uvm_labs/lab17/sim/csrc' \

rm -f _cuarc*.so _csrc*.so pre_vcsobj_*.so share_vcsobj_*.so
g++ -w  -pipe -DVCSMX -DUVM_DPI_DO_TYPE_CHECK -fPIC -O -I/home/synopsys/vcs/W-2024.09-SP2/include \
-c /home/synopsys/vcs/W-2024.09-SP2/etc/uvm-ieee-2020-2.0/dpi/uvm_dpi.cc
g++ -w  -pipe -DVCSMX -DUVM_DPI_DO_TYPE_CHECK -fPIC -O -I/home/synopsys/vcs/W-2024.09-SP2/include \
-c /home/synopsys/vcs/W-2024.09-SP2/etc/uvm-ieee-2020-2.0/verdi/dpi/uvm_verdi_dpi.cpp \

if [ -x ../bus_simv ]; then chmod a-x ../bus_simv; fi
g++  -o ../bus_simv      -rdynamic  -Wl,-rpath='$ORIGIN'/bus_simv.daidir -Wl,-rpath=./bus_simv.daidir \
-Wl,-rpath=/home/synopsys/vcs/W-2024.09-SP2/linux64/lib -L/home/synopsys/vcs/W-2024.09-SP2/linux64/lib \
-Wl,-rpath-link=./  /usr/lib64/libnuma.so.1 uvm_dpi.o uvm_verdi_dpi.o   objs/amcQw_d.o \
_1364558_archive_1.so   SIM_l.o      rmapats_mop.o rmapats.o rmar.o rmar_nd.o  rmar_llvm_0_1.o \
rmar_llvm_0_0.o            -lvirsim -lerrorinf -lsnpsmalloc -lvfs    -lvcsnew -lsimprofile \
-lreader_common /home/synopsys/vcs/W-2024.09-SP2/linux64/lib/libBA.a -luclinative \
/home/synopsys/vcs/W-2024.09-SP2/linux64/lib/vcs_tls.o   -Wl,-whole-archive  -lvcsucli \
-Wl,-no-whole-archive       ./../bus_simv.daidir/vc_hdrs.o  _vcs_pli_stub_.o   /home/synopsys/vcs/W-2024.09-SP2/linux64/lib/vcs_save_restore_new.o \
/home/synopsys/verdi/W-2024.09-SP2/share/PLI/VCS/LINUX64/pli.a -ldl  -lc -lm -lpthread \
-ldl 
../bus_simv up to date
make[1]: Leaving directory '/home/user17/qylim/repo/own/work/w3.1/uvm_labs/lab17/sim/csrc' \

CPU time: 15.588 seconds to compile + .255 seconds to elab + .965 seconds to link
Verdi KDB elaboration done and the database successfully generated
